<?xml version="1.0" encoding="UTF-8" ?>
<testsuite failures="0" time="0.504" errors="0" skipped="0" tests="34" name="TestSuite">
  <properties>
[...]
</properties>
  <testcase time="0.008" classname="amazon.quiz.DuplicateDetectorTest" name="testScenarios"/>
  <testcase time="0" classname="amazon.quiz.DuplicateDetectorTest" name="testScenarios"/>
  <testcase time="0" classname="amazon.quiz.DuplicateDetectorTest" name="testScenarios"/>
  <testcase time="0" classname="amazon.quiz.DuplicateDetectorTest" name="testScenarios"/>
  <testcase time="0" classname="amazon.quiz.DuplicateDetectorTest" name="testScenarios"/>
  <testcase time="0" classname="amazon.quiz.DuplicateDetectorTest" name="testScenarios"/>
  <testcase time="0" classname="amazon.quiz.DuplicateDetectorTest" name="testScenarios"/>
  <testcase time="0" classname="amazon.quiz.DuplicateDetectorTest" name="testScenarios"/>
  <testcase time="0" classname="amazon.quiz.DuplicateDetectorTest" name="testScenarios"/>
  <testcase time="0.003" classname="amazon.quiz.PalindromeDetectorTest" name="testInvalidPalindromes"/>
  <testcase time="0" classname="amazon.quiz.PalindromeDetectorTest" name="testInvalidPalindromes"/>
  <testcase time="0" classname="amazon.quiz.PalindromeDetectorTest" name="testInvalidPalindromes"/>
  <testcase time="0" classname="amazon.quiz.PalindromeDetectorTest" name="testInvalidPalindromes"/>
  <testcase time="0" classname="amazon.quiz.PalindromeDetectorTest" name="testInvalidTypes"/>
  <testcase time="0" classname="amazon.quiz.PalindromeDetectorTest" name="testInvalidTypes"/>
  <testcase time="0" classname="amazon.quiz.PalindromeDetectorTest" name="testInvalidTypes"/>
  <testcase time="0" classname="amazon.quiz.PalindromeDetectorTest" name="testInvalidTypes"/>
  <testcase time="0.001" classname="amazon.quiz.PalindromeDetectorTest" name="testInvalidTypes"/>
  <testcase time="0" classname="amazon.quiz.PalindromeDetectorTest" name="testInvalidTypes"/>
  <testcase time="0" classname="amazon.quiz.PalindromeDetectorTest" name="testMinLength"/>
  <testcase time="0" classname="amazon.quiz.PalindromeDetectorTest" name="testUndefined"/>
  <testcase time="0.001" classname="amazon.quiz.PalindromeDetectorTest" name="testUndefined"/>
  <testcase time="0" classname="amazon.quiz.PalindromeDetectorTest" name="testUndefined"/>
  <testcase time="0" classname="amazon.quiz.PalindromeDetectorTest" name="testUndefined"/>
  <testcase time="0" classname="amazon.quiz.PalindromeDetectorTest" name="testUndefined"/>
  <testcase time="0" classname="amazon.quiz.PalindromeDetectorTest" name="testUndefined"/>
  <testcase time="0" classname="amazon.quiz.PalindromeDetectorTest" name="testUndefined"/>
  <testcase time="0" classname="amazon.quiz.PalindromeDetectorTest" name="testUndefined"/>
  <testcase time="0.001" classname="amazon.quiz.PalindromeDetectorTest" name="testUndefined"/>
  <testcase time="0" classname="amazon.quiz.PalindromeDetectorTest" name="testUndefined"/>
  <testcase time="0.001" classname="amazon.quiz.PalindromeDetectorTest" name="testValidPalindromes"/>
  <testcase time="0" classname="amazon.quiz.PalindromeDetectorTest" name="testValidPalindromes"/>
  <testcase time="0.001" classname="amazon.quiz.PalindromeDetectorTest" name="testValidPalindromes"/>
  <testcase time="0" classname="amazon.quiz.PalindromeDetectorTest" name="testValidPalindromes"/>
</testsuite>